=== Run 1: U-Net ResNet34 + Dice 100ep ===
Device: cuda
Config: {'architecture': 'Unet', 'encoder': 'resnet34', 'encoder_weights': 'imagenet', 'in_channels': 1, 'classes': 6, 'lr': 0.001, 'batch_size': 16, 'epochs': 100, 'loss': 'dice', 'optimizer': 'adamw', 'scheduler': 'cosine', 'augmentations': ['hflip', 'vflip', 'rotate90', 'gaussian_noise']}
Run name: r2_unet_r34_dice
Data: 7608 train, 1599 val, 1504 test
SAR dir: data/processed/sar_tiles
Encoder weights: imagenet
Parameters: 24,437,094 total, 24,437,094 trainable
Epoch   1/100 | Train Loss: 0.5663 | Val Loss: 0.3568 | Val mIoU: 0.2067 | LR: 0.001000 | Time: 34.4s
  -> New best model saved (mIoU=0.2067)
Epoch   2/100 | Train Loss: 0.5327 | Val Loss: 0.3845 | Val mIoU: 0.1862 | LR: 0.000999 | Time: 35.5s
Epoch   3/100 | Train Loss: 0.5130 | Val Loss: 0.3569 | Val mIoU: 0.2246 | LR: 0.000998 | Time: 35.7s
  -> New best model saved (mIoU=0.2246)
Epoch   4/100 | Train Loss: 0.5059 | Val Loss: 0.3484 | Val mIoU: 0.2447 | LR: 0.000996 | Time: 35.5s
  -> New best model saved (mIoU=0.2447)
Epoch   5/100 | Train Loss: 0.5012 | Val Loss: 0.3436 | Val mIoU: 0.2576 | LR: 0.000994 | Time: 35.7s
  -> New best model saved (mIoU=0.2576)
Epoch   6/100 | Train Loss: 0.4990 | Val Loss: 0.3984 | Val mIoU: 0.1770 | LR: 0.000991 | Time: 36.0s
Epoch   7/100 | Train Loss: 0.4928 | Val Loss: 0.3491 | Val mIoU: 0.2235 | LR: 0.000988 | Time: 35.7s
Epoch   8/100 | Train Loss: 0.4954 | Val Loss: 0.3487 | Val mIoU: 0.2395 | LR: 0.000984 | Time: 35.8s
Epoch   9/100 | Train Loss: 0.4952 | Val Loss: 0.3444 | Val mIoU: 0.2584 | LR: 0.000980 | Time: 35.8s
  -> New best model saved (mIoU=0.2584)
Epoch  10/100 | Train Loss: 0.4978 | Val Loss: 0.3368 | Val mIoU: 0.2714 | LR: 0.000976 | Time: 36.0s
  -> New best model saved (mIoU=0.2714)
Epoch  11/100 | Train Loss: 0.4932 | Val Loss: 0.3625 | Val mIoU: 0.2290 | LR: 0.000970 | Time: 35.9s
Epoch  12/100 | Train Loss: 0.4909 | Val Loss: 0.3382 | Val mIoU: 0.2766 | LR: 0.000965 | Time: 35.8s
  -> New best model saved (mIoU=0.2766)
Epoch  13/100 | Train Loss: 0.4842 | Val Loss: 0.3457 | Val mIoU: 0.2525 | LR: 0.000959 | Time: 35.8s
Epoch  14/100 | Train Loss: 0.4809 | Val Loss: 0.3415 | Val mIoU: 0.2579 | LR: 0.000952 | Time: 36.0s
Epoch  15/100 | Train Loss: 0.4812 | Val Loss: 0.3353 | Val mIoU: 0.2746 | LR: 0.000946 | Time: 35.7s
Epoch  16/100 | Train Loss: 0.4777 | Val Loss: 0.3432 | Val mIoU: 0.2454 | LR: 0.000938 | Time: 36.1s
Epoch  17/100 | Train Loss: 0.4714 | Val Loss: 0.3328 | Val mIoU: 0.2739 | LR: 0.000930 | Time: 35.8s
Epoch  18/100 | Train Loss: 0.4750 | Val Loss: 0.3351 | Val mIoU: 0.2719 | LR: 0.000922 | Time: 36.2s
Epoch  19/100 | Train Loss: 0.4794 | Val Loss: 0.3284 | Val mIoU: 0.2971 | LR: 0.000914 | Time: 35.8s
  -> New best model saved (mIoU=0.2971)
Epoch  20/100 | Train Loss: 0.4625 | Val Loss: 0.3335 | Val mIoU: 0.2945 | LR: 0.000905 | Time: 35.8s
Epoch  21/100 | Train Loss: 0.4618 | Val Loss: 0.3297 | Val mIoU: 0.3096 | LR: 0.000895 | Time: 35.9s
  -> New best model saved (mIoU=0.3096)
Epoch  22/100 | Train Loss: 0.4562 | Val Loss: 0.3291 | Val mIoU: 0.3022 | LR: 0.000885 | Time: 35.8s
Epoch  23/100 | Train Loss: 0.4552 | Val Loss: 0.3461 | Val mIoU: 0.2621 | LR: 0.000875 | Time: 35.8s
Epoch  24/100 | Train Loss: 0.4603 | Val Loss: 0.3274 | Val mIoU: 0.2953 | LR: 0.000864 | Time: 36.1s
Epoch  25/100 | Train Loss: 0.4514 | Val Loss: 0.3212 | Val mIoU: 0.3163 | LR: 0.000854 | Time: 35.7s
  -> New best model saved (mIoU=0.3163)
Epoch  26/100 | Train Loss: 0.4580 | Val Loss: 0.3233 | Val mIoU: 0.3208 | LR: 0.000842 | Time: 35.7s
  -> New best model saved (mIoU=0.3208)
Epoch  27/100 | Train Loss: 0.4454 | Val Loss: 0.3155 | Val mIoU: 0.3323 | LR: 0.000831 | Time: 35.8s
  -> New best model saved (mIoU=0.3323)
Epoch  28/100 | Train Loss: 0.4460 | Val Loss: 0.3201 | Val mIoU: 0.3247 | LR: 0.000819 | Time: 35.7s
Epoch  29/100 | Train Loss: 0.4476 | Val Loss: 0.3328 | Val mIoU: 0.3092 | LR: 0.000806 | Time: 35.9s
Epoch  30/100 | Train Loss: 0.4427 | Val Loss: 0.3131 | Val mIoU: 0.3352 | LR: 0.000794 | Time: 35.9s
  -> New best model saved (mIoU=0.3352)
Epoch  31/100 | Train Loss: 0.4320 | Val Loss: 0.3190 | Val mIoU: 0.3297 | LR: 0.000781 | Time: 35.9s
Epoch  32/100 | Train Loss: 0.4330 | Val Loss: 0.3203 | Val mIoU: 0.3130 | LR: 0.000768 | Time: 35.9s
Epoch  33/100 | Train Loss: 0.4354 | Val Loss: 0.3226 | Val mIoU: 0.3098 | LR: 0.000755 | Time: 36.0s
Epoch  34/100 | Train Loss: 0.4370 | Val Loss: 0.3188 | Val mIoU: 0.3290 | LR: 0.000741 | Time: 35.8s
Epoch  35/100 | Train Loss: 0.4362 | Val Loss: 0.3162 | Val mIoU: 0.3291 | LR: 0.000727 | Time: 35.8s
Epoch  36/100 | Train Loss: 0.4410 | Val Loss: 0.3113 | Val mIoU: 0.3298 | LR: 0.000713 | Time: 35.9s
Epoch  37/100 | Train Loss: 0.4309 | Val Loss: 0.3062 | Val mIoU: 0.3603 | LR: 0.000699 | Time: 36.0s
  -> New best model saved (mIoU=0.3603)
Epoch  38/100 | Train Loss: 0.4322 | Val Loss: 0.3154 | Val mIoU: 0.3492 | LR: 0.000684 | Time: 35.8s
Epoch  39/100 | Train Loss: 0.4348 | Val Loss: 0.3100 | Val mIoU: 0.3446 | LR: 0.000669 | Time: 36.1s
Epoch  40/100 | Train Loss: 0.4290 | Val Loss: 0.3169 | Val mIoU: 0.3418 | LR: 0.000655 | Time: 36.0s
Epoch  41/100 | Train Loss: 0.4231 | Val Loss: 0.3173 | Val mIoU: 0.3421 | LR: 0.000639 | Time: 35.8s
Epoch  42/100 | Train Loss: 0.4198 | Val Loss: 0.3123 | Val mIoU: 0.3444 | LR: 0.000624 | Time: 36.0s
Epoch  43/100 | Train Loss: 0.4242 | Val Loss: 0.3120 | Val mIoU: 0.3465 | LR: 0.000609 | Time: 36.0s
Epoch  44/100 | Train Loss: 0.4204 | Val Loss: 0.3114 | Val mIoU: 0.3465 | LR: 0.000594 | Time: 35.8s
Epoch  45/100 | Train Loss: 0.4186 | Val Loss: 0.3107 | Val mIoU: 0.3486 | LR: 0.000578 | Time: 35.9s
Epoch  46/100 | Train Loss: 0.4093 | Val Loss: 0.3143 | Val mIoU: 0.3505 | LR: 0.000563 | Time: 35.9s
Epoch  47/100 | Train Loss: 0.4166 | Val Loss: 0.3124 | Val mIoU: 0.3479 | LR: 0.000547 | Time: 35.8s
Epoch  48/100 | Train Loss: 0.4188 | Val Loss: 0.3158 | Val mIoU: 0.3450 | LR: 0.000531 | Time: 35.9s
Epoch  49/100 | Train Loss: 0.4178 | Val Loss: 0.3170 | Val mIoU: 0.3287 | LR: 0.000516 | Time: 37.1s
Epoch  50/100 | Train Loss: 0.4215 | Val Loss: 0.3117 | Val mIoU: 0.3590 | LR: 0.000500 | Time: 36.7s
Epoch  51/100 | Train Loss: 0.4145 | Val Loss: 0.3134 | Val mIoU: 0.3530 | LR: 0.000484 | Time: 36.6s
Epoch  52/100 | Train Loss: 0.4118 | Val Loss: 0.3067 | Val mIoU: 0.3466 | LR: 0.000469 | Time: 36.5s
Epoch  53/100 | Train Loss: 0.4071 | Val Loss: 0.3076 | Val mIoU: 0.3595 | LR: 0.000453 | Time: 36.5s
Epoch  54/100 | Train Loss: 0.4103 | Val Loss: 0.3075 | Val mIoU: 0.3585 | LR: 0.000437 | Time: 36.3s
Epoch  55/100 | Train Loss: 0.4138 | Val Loss: 0.3182 | Val mIoU: 0.3409 | LR: 0.000422 | Time: 36.1s
Epoch  56/100 | Train Loss: 0.4173 | Val Loss: 0.3115 | Val mIoU: 0.3600 | LR: 0.000406 | Time: 36.2s
Epoch  57/100 | Train Loss: 0.4065 | Val Loss: 0.3074 | Val mIoU: 0.3641 | LR: 0.000391 | Time: 36.2s
  -> New best model saved (mIoU=0.3641)
Epoch  58/100 | Train Loss: 0.4031 | Val Loss: 0.3061 | Val mIoU: 0.3688 | LR: 0.000376 | Time: 36.0s
  -> New best model saved (mIoU=0.3688)
Epoch  59/100 | Train Loss: 0.4069 | Val Loss: 0.3061 | Val mIoU: 0.3632 | LR: 0.000361 | Time: 35.9s
Epoch  60/100 | Train Loss: 0.4069 | Val Loss: 0.3148 | Val mIoU: 0.3570 | LR: 0.000345 | Time: 35.8s
Epoch  61/100 | Train Loss: 0.4064 | Val Loss: 0.3064 | Val mIoU: 0.3714 | LR: 0.000331 | Time: 35.8s
  -> New best model saved (mIoU=0.3714)
Epoch  62/100 | Train Loss: 0.4083 | Val Loss: 0.2977 | Val mIoU: 0.3789 | LR: 0.000316 | Time: 35.8s
  -> New best model saved (mIoU=0.3789)
Epoch  63/100 | Train Loss: 0.4024 | Val Loss: 0.3087 | Val mIoU: 0.3569 | LR: 0.000301 | Time: 35.8s
Epoch  64/100 | Train Loss: 0.3966 | Val Loss: 0.3106 | Val mIoU: 0.3595 | LR: 0.000287 | Time: 35.8s
Epoch  65/100 | Train Loss: 0.4004 | Val Loss: 0.2997 | Val mIoU: 0.3692 | LR: 0.000273 | Time: 35.7s
Epoch  66/100 | Train Loss: 0.4037 | Val Loss: 0.3037 | Val mIoU: 0.3605 | LR: 0.000259 | Time: 35.9s
Epoch  67/100 | Train Loss: 0.3924 | Val Loss: 0.3054 | Val mIoU: 0.3659 | LR: 0.000245 | Time: 36.1s
Epoch  68/100 | Train Loss: 0.3985 | Val Loss: 0.3011 | Val mIoU: 0.3758 | LR: 0.000232 | Time: 35.8s
Epoch  69/100 | Train Loss: 0.3931 | Val Loss: 0.3059 | Val mIoU: 0.3627 | LR: 0.000219 | Time: 36.5s
Epoch  70/100 | Train Loss: 0.3923 | Val Loss: 0.3005 | Val mIoU: 0.3832 | LR: 0.000206 | Time: 36.7s
  -> New best model saved (mIoU=0.3832)
Epoch  71/100 | Train Loss: 0.3956 | Val Loss: 0.3004 | Val mIoU: 0.3695 | LR: 0.000194 | Time: 36.5s
Epoch  72/100 | Train Loss: 0.3981 | Val Loss: 0.3054 | Val mIoU: 0.3732 | LR: 0.000181 | Time: 36.1s
Epoch  73/100 | Train Loss: 0.3919 | Val Loss: 0.3059 | Val mIoU: 0.3688 | LR: 0.000169 | Time: 36.4s
Epoch  74/100 | Train Loss: 0.3915 | Val Loss: 0.3036 | Val mIoU: 0.3779 | LR: 0.000158 | Time: 36.2s
Epoch  75/100 | Train Loss: 0.3863 | Val Loss: 0.3040 | Val mIoU: 0.3695 | LR: 0.000146 | Time: 36.0s
Epoch  76/100 | Train Loss: 0.3934 | Val Loss: 0.3065 | Val mIoU: 0.3667 | LR: 0.000136 | Time: 36.2s
Epoch  77/100 | Train Loss: 0.3851 | Val Loss: 0.3034 | Val mIoU: 0.3816 | LR: 0.000125 | Time: 36.2s
Epoch  78/100 | Train Loss: 0.3880 | Val Loss: 0.3032 | Val mIoU: 0.3780 | LR: 0.000115 | Time: 36.2s
Epoch  79/100 | Train Loss: 0.3917 | Val Loss: 0.3016 | Val mIoU: 0.3832 | LR: 0.000105 | Time: 36.1s
  -> New best model saved (mIoU=0.3832)
Epoch  80/100 | Train Loss: 0.3875 | Val Loss: 0.2991 | Val mIoU: 0.3803 | LR: 0.000095 | Time: 36.2s
Epoch  81/100 | Train Loss: 0.3859 | Val Loss: 0.3002 | Val mIoU: 0.3787 | LR: 0.000086 | Time: 36.1s
Epoch  82/100 | Train Loss: 0.3936 | Val Loss: 0.2993 | Val mIoU: 0.3854 | LR: 0.000078 | Time: 35.8s
  -> New best model saved (mIoU=0.3854)
Epoch  83/100 | Train Loss: 0.3873 | Val Loss: 0.3021 | Val mIoU: 0.3814 | LR: 0.000070 | Time: 36.2s
Epoch  84/100 | Train Loss: 0.3880 | Val Loss: 0.3044 | Val mIoU: 0.3803 | LR: 0.000062 | Time: 36.2s
Epoch  85/100 | Train Loss: 0.3835 | Val Loss: 0.3053 | Val mIoU: 0.3849 | LR: 0.000054 | Time: 36.1s
Epoch  86/100 | Train Loss: 0.3834 | Val Loss: 0.3018 | Val mIoU: 0.3884 | LR: 0.000048 | Time: 36.2s
  -> New best model saved (mIoU=0.3884)
Epoch  87/100 | Train Loss: 0.3851 | Val Loss: 0.3009 | Val mIoU: 0.3847 | LR: 0.000041 | Time: 36.0s
Epoch  88/100 | Train Loss: 0.3837 | Val Loss: 0.2986 | Val mIoU: 0.3893 | LR: 0.000035 | Time: 36.4s
  -> New best model saved (mIoU=0.3893)
Epoch  89/100 | Train Loss: 0.3799 | Val Loss: 0.2969 | Val mIoU: 0.3882 | LR: 0.000030 | Time: 36.1s
Epoch  90/100 | Train Loss: 0.3867 | Val Loss: 0.2994 | Val mIoU: 0.3888 | LR: 0.000024 | Time: 36.0s
Epoch  91/100 | Train Loss: 0.3847 | Val Loss: 0.2977 | Val mIoU: 0.3873 | LR: 0.000020 | Time: 36.0s
Epoch  92/100 | Train Loss: 0.3794 | Val Loss: 0.2964 | Val mIoU: 0.3920 | LR: 0.000016 | Time: 36.0s
  -> New best model saved (mIoU=0.3920)
Epoch  93/100 | Train Loss: 0.3814 | Val Loss: 0.2979 | Val mIoU: 0.3881 | LR: 0.000012 | Time: 36.2s
Epoch  94/100 | Train Loss: 0.3822 | Val Loss: 0.2982 | Val mIoU: 0.3853 | LR: 0.000009 | Time: 36.9s
Epoch  95/100 | Train Loss: 0.3816 | Val Loss: 0.3007 | Val mIoU: 0.3822 | LR: 0.000006 | Time: 37.0s
Epoch  96/100 | Train Loss: 0.3861 | Val Loss: 0.2981 | Val mIoU: 0.3916 | LR: 0.000004 | Time: 37.1s
Epoch  97/100 | Train Loss: 0.3794 | Val Loss: 0.2959 | Val mIoU: 0.3955 | LR: 0.000002 | Time: 37.0s
  -> New best model saved (mIoU=0.3955)
Epoch  98/100 | Train Loss: 0.3815 | Val Loss: 0.2988 | Val mIoU: 0.3877 | LR: 0.000001 | Time: 36.6s
Epoch  99/100 | Train Loss: 0.3820 | Val Loss: 0.2986 | Val mIoU: 0.3870 | LR: 0.000000 | Time: 36.9s
/usr/local/lib/python3.10/dist-packages/torch/_utils.py:831: UserWarning: TypedStorage is deprecated. It will be removed in the future and UntypedStorage will be the only storage class. This should only matter to you if you are using storages directly.  To access UntypedStorage directly, use tensor.untyped_storage() instead of tensor.storage()
  return self.fget.__get__(instance, owner)()
Epoch 100/100 | Train Loss: 0.3800 | Val Loss: 0.2982 | Val mIoU: 0.3901 | LR: 0.000000 | Time: 36.9s

============================================================
FINAL TEST EVALUATION
============================================================
Test Loss: 0.2639
Test mIoU: 0.4225
Per-class IoU:
        plains: 0.7236
         dunes: 0.6019
      hummocky: 0.3016
    lakes_seas: 0.5138
     labyrinth: 0.3848
       craters: 0.0094

Done. Results saved to models/r2_unet_r34_dice_*
=== Run 2: DeepLabV3+ ResNet50 + Dice 100ep ===
Device: cuda
Config: {'architecture': 'DeepLabV3Plus', 'encoder': 'resnet50', 'encoder_weights': 'imagenet', 'in_channels': 1, 'classes': 6, 'lr': 0.001, 'batch_size': 16, 'epochs': 100, 'loss': 'dice', 'optimizer': 'adamw', 'scheduler': 'cosine', 'augmentations': ['hflip', 'vflip', 'rotate90', 'gaussian_noise']}
Run name: r2_dlv3_r50_dice
Data: 7608 train, 1599 val, 1504 test
SAR dir: data/processed/sar_tiles
Encoder weights: imagenet
Parameters: 26,678,870 total, 26,678,870 trainable
Epoch   1/100 | Train Loss: 0.5609 | Val Loss: 0.3567 | Val mIoU: 0.2111 | LR: 0.001000 | Time: 44.0s
  -> New best model saved (mIoU=0.2111)
Epoch   2/100 | Train Loss: 0.5284 | Val Loss: 0.3533 | Val mIoU: 0.2118 | LR: 0.000999 | Time: 44.9s
  -> New best model saved (mIoU=0.2118)
Epoch   3/100 | Train Loss: 0.5052 | Val Loss: 0.3581 | Val mIoU: 0.2140 | LR: 0.000998 | Time: 44.8s
  -> New best model saved (mIoU=0.2140)
Epoch   4/100 | Train Loss: 0.5046 | Val Loss: 0.3612 | Val mIoU: 0.2154 | LR: 0.000996 | Time: 44.3s
  -> New best model saved (mIoU=0.2154)
Epoch   5/100 | Train Loss: 0.5009 | Val Loss: 0.3430 | Val mIoU: 0.2504 | LR: 0.000994 | Time: 44.7s
  -> New best model saved (mIoU=0.2504)
Epoch   6/100 | Train Loss: 0.4819 | Val Loss: 0.3618 | Val mIoU: 0.2232 | LR: 0.000991 | Time: 44.6s
Epoch   7/100 | Train Loss: 0.4746 | Val Loss: 0.3440 | Val mIoU: 0.2399 | LR: 0.000988 | Time: 44.8s
Epoch   8/100 | Train Loss: 0.4776 | Val Loss: 0.3548 | Val mIoU: 0.2415 | LR: 0.000984 | Time: 44.5s
Epoch   9/100 | Train Loss: 0.4777 | Val Loss: 0.3371 | Val mIoU: 0.2720 | LR: 0.000980 | Time: 44.9s
  -> New best model saved (mIoU=0.2720)
Epoch  10/100 | Train Loss: 0.4759 | Val Loss: 0.3339 | Val mIoU: 0.2674 | LR: 0.000976 | Time: 44.7s
Epoch  11/100 | Train Loss: 0.4679 | Val Loss: 0.3282 | Val mIoU: 0.2972 | LR: 0.000970 | Time: 44.6s
  -> New best model saved (mIoU=0.2972)
Epoch  12/100 | Train Loss: 0.4615 | Val Loss: 0.3234 | Val mIoU: 0.3133 | LR: 0.000965 | Time: 44.7s
  -> New best model saved (mIoU=0.3133)
Epoch  13/100 | Train Loss: 0.4532 | Val Loss: 0.3273 | Val mIoU: 0.3105 | LR: 0.000959 | Time: 44.8s
Epoch  14/100 | Train Loss: 0.4553 | Val Loss: 0.3529 | Val mIoU: 0.2353 | LR: 0.000952 | Time: 44.5s
Epoch  15/100 | Train Loss: 0.4458 | Val Loss: 0.3318 | Val mIoU: 0.2803 | LR: 0.000946 | Time: 44.9s
Epoch  16/100 | Train Loss: 0.4432 | Val Loss: 0.3321 | Val mIoU: 0.3083 | LR: 0.000938 | Time: 44.6s
Epoch  17/100 | Train Loss: 0.4460 | Val Loss: 0.3218 | Val mIoU: 0.3244 | LR: 0.000930 | Time: 44.7s
  -> New best model saved (mIoU=0.3244)
Epoch  18/100 | Train Loss: 0.4451 | Val Loss: 0.3216 | Val mIoU: 0.3280 | LR: 0.000922 | Time: 44.9s
  -> New best model saved (mIoU=0.3280)
Epoch  19/100 | Train Loss: 0.4403 | Val Loss: 0.3156 | Val mIoU: 0.3359 | LR: 0.000914 | Time: 44.7s
  -> New best model saved (mIoU=0.3359)
Epoch  20/100 | Train Loss: 0.4386 | Val Loss: 0.3278 | Val mIoU: 0.3117 | LR: 0.000905 | Time: 44.5s
Epoch  21/100 | Train Loss: 0.4434 | Val Loss: 0.3294 | Val mIoU: 0.3062 | LR: 0.000895 | Time: 44.6s
Epoch  22/100 | Train Loss: 0.4414 | Val Loss: 0.3220 | Val mIoU: 0.3227 | LR: 0.000885 | Time: 44.3s
Epoch  23/100 | Train Loss: 0.4351 | Val Loss: 0.3385 | Val mIoU: 0.2888 | LR: 0.000875 | Time: 44.5s
Epoch  24/100 | Train Loss: 0.4353 | Val Loss: 0.3256 | Val mIoU: 0.3075 | LR: 0.000864 | Time: 44.1s
Epoch  25/100 | Train Loss: 0.4333 | Val Loss: 0.3231 | Val mIoU: 0.3181 | LR: 0.000854 | Time: 44.6s
Epoch  26/100 | Train Loss: 0.4262 | Val Loss: 0.3161 | Val mIoU: 0.3342 | LR: 0.000842 | Time: 44.5s
Epoch  27/100 | Train Loss: 0.4326 | Val Loss: 0.3192 | Val mIoU: 0.3201 | LR: 0.000831 | Time: 44.5s
Epoch  28/100 | Train Loss: 0.4250 | Val Loss: 0.3228 | Val mIoU: 0.3251 | LR: 0.000819 | Time: 44.3s
Epoch  29/100 | Train Loss: 0.4206 | Val Loss: 0.3285 | Val mIoU: 0.3228 | LR: 0.000806 | Time: 44.6s
Epoch  30/100 | Train Loss: 0.4234 | Val Loss: 0.3098 | Val mIoU: 0.3517 | LR: 0.000794 | Time: 44.7s
  -> New best model saved (mIoU=0.3517)
Epoch  31/100 | Train Loss: 0.4246 | Val Loss: 0.3151 | Val mIoU: 0.3392 | LR: 0.000781 | Time: 44.6s
Epoch  32/100 | Train Loss: 0.4228 | Val Loss: 0.3151 | Val mIoU: 0.3322 | LR: 0.000768 | Time: 45.4s
Epoch  33/100 | Train Loss: 0.4203 | Val Loss: 0.3242 | Val mIoU: 0.3179 | LR: 0.000755 | Time: 45.8s
Epoch  34/100 | Train Loss: 0.4153 | Val Loss: 0.3225 | Val mIoU: 0.3299 | LR: 0.000741 | Time: 45.2s
Epoch  35/100 | Train Loss: 0.4200 | Val Loss: 0.3112 | Val mIoU: 0.3534 | LR: 0.000727 | Time: 45.1s
  -> New best model saved (mIoU=0.3534)
Epoch  36/100 | Train Loss: 0.4110 | Val Loss: 0.3116 | Val mIoU: 0.3494 | LR: 0.000713 | Time: 45.1s
Epoch  37/100 | Train Loss: 0.4201 | Val Loss: 0.3174 | Val mIoU: 0.3382 | LR: 0.000699 | Time: 45.0s
Epoch  38/100 | Train Loss: 0.4117 | Val Loss: 0.3096 | Val mIoU: 0.3561 | LR: 0.000684 | Time: 45.0s
  -> New best model saved (mIoU=0.3561)
Epoch  39/100 | Train Loss: 0.4167 | Val Loss: 0.3184 | Val mIoU: 0.3178 | LR: 0.000669 | Time: 44.6s
Epoch  40/100 | Train Loss: 0.4187 | Val Loss: 0.3149 | Val mIoU: 0.3358 | LR: 0.000655 | Time: 44.6s
Epoch  41/100 | Train Loss: 0.4171 | Val Loss: 0.3148 | Val mIoU: 0.3518 | LR: 0.000639 | Time: 44.4s
Epoch  42/100 | Train Loss: 0.4128 | Val Loss: 0.3068 | Val mIoU: 0.3557 | LR: 0.000624 | Time: 44.6s
Epoch  43/100 | Train Loss: 0.4092 | Val Loss: 0.3082 | Val mIoU: 0.3669 | LR: 0.000609 | Time: 44.5s
  -> New best model saved (mIoU=0.3669)
Epoch  44/100 | Train Loss: 0.4101 | Val Loss: 0.3082 | Val mIoU: 0.3655 | LR: 0.000594 | Time: 44.8s
Epoch  45/100 | Train Loss: 0.4086 | Val Loss: 0.3076 | Val mIoU: 0.3664 | LR: 0.000578 | Time: 44.5s
Epoch  46/100 | Train Loss: 0.4045 | Val Loss: 0.3146 | Val mIoU: 0.3493 | LR: 0.000563 | Time: 44.2s
Epoch  47/100 | Train Loss: 0.4078 | Val Loss: 0.3040 | Val mIoU: 0.3633 | LR: 0.000547 | Time: 44.6s
Epoch  48/100 | Train Loss: 0.3977 | Val Loss: 0.3047 | Val mIoU: 0.3639 | LR: 0.000531 | Time: 44.4s
Epoch  49/100 | Train Loss: 0.4003 | Val Loss: 0.3139 | Val mIoU: 0.3455 | LR: 0.000516 | Time: 44.4s
Epoch  50/100 | Train Loss: 0.4016 | Val Loss: 0.3046 | Val mIoU: 0.3672 | LR: 0.000500 | Time: 44.2s
  -> New best model saved (mIoU=0.3672)
Epoch  51/100 | Train Loss: 0.3977 | Val Loss: 0.3085 | Val mIoU: 0.3660 | LR: 0.000484 | Time: 44.2s
Epoch  52/100 | Train Loss: 0.3933 | Val Loss: 0.3068 | Val mIoU: 0.3721 | LR: 0.000469 | Time: 44.5s
  -> New best model saved (mIoU=0.3721)
Epoch  53/100 | Train Loss: 0.3939 | Val Loss: 0.3002 | Val mIoU: 0.3848 | LR: 0.000453 | Time: 44.8s
  -> New best model saved (mIoU=0.3848)
Epoch  54/100 | Train Loss: 0.3985 | Val Loss: 0.3013 | Val mIoU: 0.3783 | LR: 0.000437 | Time: 44.2s
Epoch  55/100 | Train Loss: 0.3901 | Val Loss: 0.3047 | Val mIoU: 0.3760 | LR: 0.000422 | Time: 44.6s
Epoch  56/100 | Train Loss: 0.3981 | Val Loss: 0.2984 | Val mIoU: 0.3884 | LR: 0.000406 | Time: 44.4s
  -> New best model saved (mIoU=0.3884)
Epoch  57/100 | Train Loss: 0.3936 | Val Loss: 0.3009 | Val mIoU: 0.3793 | LR: 0.000391 | Time: 44.7s
Epoch  58/100 | Train Loss: 0.3962 | Val Loss: 0.2997 | Val mIoU: 0.3817 | LR: 0.000376 | Time: 44.2s
Epoch  59/100 | Train Loss: 0.3963 | Val Loss: 0.2995 | Val mIoU: 0.3764 | LR: 0.000361 | Time: 44.6s
Epoch  60/100 | Train Loss: 0.3910 | Val Loss: 0.3016 | Val mIoU: 0.3803 | LR: 0.000345 | Time: 44.6s
Epoch  61/100 | Train Loss: 0.3923 | Val Loss: 0.3010 | Val mIoU: 0.3799 | LR: 0.000331 | Time: 44.5s
Epoch  62/100 | Train Loss: 0.3898 | Val Loss: 0.3013 | Val mIoU: 0.3737 | LR: 0.000316 | Time: 44.9s
Epoch  63/100 | Train Loss: 0.3903 | Val Loss: 0.2986 | Val mIoU: 0.3766 | LR: 0.000301 | Time: 44.8s
Epoch  64/100 | Train Loss: 0.3857 | Val Loss: 0.3054 | Val mIoU: 0.3739 | LR: 0.000287 | Time: 44.6s
Epoch  65/100 | Train Loss: 0.3922 | Val Loss: 0.3023 | Val mIoU: 0.3763 | LR: 0.000273 | Time: 44.5s
Epoch  66/100 | Train Loss: 0.3893 | Val Loss: 0.2988 | Val mIoU: 0.3788 | LR: 0.000259 | Time: 44.9s
Epoch  67/100 | Train Loss: 0.3899 | Val Loss: 0.3021 | Val mIoU: 0.3668 | LR: 0.000245 | Time: 44.8s
Epoch  68/100 | Train Loss: 0.3841 | Val Loss: 0.2999 | Val mIoU: 0.3822 | LR: 0.000232 | Time: 44.9s
Epoch  69/100 | Train Loss: 0.3841 | Val Loss: 0.2972 | Val mIoU: 0.3843 | LR: 0.000219 | Time: 45.0s
Epoch  70/100 | Train Loss: 0.3827 | Val Loss: 0.3013 | Val mIoU: 0.3766 | LR: 0.000206 | Time: 45.9s
Epoch  71/100 | Train Loss: 0.3832 | Val Loss: 0.3052 | Val mIoU: 0.3715 | LR: 0.000194 | Time: 45.7s
Epoch  72/100 | Train Loss: 0.3803 | Val Loss: 0.3018 | Val mIoU: 0.3768 | LR: 0.000181 | Time: 45.9s
Epoch  73/100 | Train Loss: 0.3826 | Val Loss: 0.3006 | Val mIoU: 0.3785 | LR: 0.000169 | Time: 45.5s
Epoch  74/100 | Train Loss: 0.3744 | Val Loss: 0.3001 | Val mIoU: 0.3797 | LR: 0.000158 | Time: 45.3s
Epoch  75/100 | Train Loss: 0.3744 | Val Loss: 0.2969 | Val mIoU: 0.3852 | LR: 0.000146 | Time: 44.9s
Epoch  76/100 | Train Loss: 0.3716 | Val Loss: 0.2987 | Val mIoU: 0.3844 | LR: 0.000136 | Time: 44.7s
Epoch  77/100 | Train Loss: 0.3807 | Val Loss: 0.2964 | Val mIoU: 0.3880 | LR: 0.000125 | Time: 44.8s
Epoch  78/100 | Train Loss: 0.3777 | Val Loss: 0.2999 | Val mIoU: 0.3821 | LR: 0.000115 | Time: 44.5s
Epoch  79/100 | Train Loss: 0.3733 | Val Loss: 0.2979 | Val mIoU: 0.3855 | LR: 0.000105 | Time: 44.5s
Epoch  80/100 | Train Loss: 0.3739 | Val Loss: 0.2971 | Val mIoU: 0.3872 | LR: 0.000095 | Time: 44.4s
Epoch  81/100 | Train Loss: 0.3726 | Val Loss: 0.2966 | Val mIoU: 0.3909 | LR: 0.000086 | Time: 44.6s
  -> New best model saved (mIoU=0.3909)
Epoch  82/100 | Train Loss: 0.3738 | Val Loss: 0.2987 | Val mIoU: 0.3846 | LR: 0.000078 | Time: 44.6s
Epoch  83/100 | Train Loss: 0.3689 | Val Loss: 0.2966 | Val mIoU: 0.3898 | LR: 0.000070 | Time: 44.6s
Epoch  84/100 | Train Loss: 0.3760 | Val Loss: 0.2970 | Val mIoU: 0.3909 | LR: 0.000062 | Time: 44.6s
  -> New best model saved (mIoU=0.3909)
Epoch  85/100 | Train Loss: 0.3759 | Val Loss: 0.2963 | Val mIoU: 0.3929 | LR: 0.000054 | Time: 44.5s
  -> New best model saved (mIoU=0.3929)
Epoch  86/100 | Train Loss: 0.3734 | Val Loss: 0.2973 | Val mIoU: 0.3887 | LR: 0.000048 | Time: 44.5s
Epoch  87/100 | Train Loss: 0.3665 | Val Loss: 0.2966 | Val mIoU: 0.3899 | LR: 0.000041 | Time: 44.5s
Epoch  88/100 | Train Loss: 0.3746 | Val Loss: 0.2971 | Val mIoU: 0.3871 | LR: 0.000035 | Time: 44.8s
Epoch  89/100 | Train Loss: 0.3665 | Val Loss: 0.2986 | Val mIoU: 0.3851 | LR: 0.000030 | Time: 44.5s
Epoch  90/100 | Train Loss: 0.3714 | Val Loss: 0.2949 | Val mIoU: 0.3917 | LR: 0.000024 | Time: 44.7s
Epoch  91/100 | Train Loss: 0.3733 | Val Loss: 0.2959 | Val mIoU: 0.3908 | LR: 0.000020 | Time: 44.7s
Epoch  92/100 | Train Loss: 0.3642 | Val Loss: 0.2945 | Val mIoU: 0.3943 | LR: 0.000016 | Time: 44.7s
  -> New best model saved (mIoU=0.3943)
Epoch  93/100 | Train Loss: 0.3743 | Val Loss: 0.2949 | Val mIoU: 0.3964 | LR: 0.000012 | Time: 44.7s
  -> New best model saved (mIoU=0.3964)
Epoch  94/100 | Train Loss: 0.3700 | Val Loss: 0.2951 | Val mIoU: 0.3955 | LR: 0.000009 | Time: 44.6s
Epoch  95/100 | Train Loss: 0.3685 | Val Loss: 0.2946 | Val mIoU: 0.3954 | LR: 0.000006 | Time: 44.6s
Epoch  96/100 | Train Loss: 0.3707 | Val Loss: 0.2959 | Val mIoU: 0.3936 | LR: 0.000004 | Time: 44.6s
Epoch  97/100 | Train Loss: 0.3731 | Val Loss: 0.2942 | Val mIoU: 0.3939 | LR: 0.000002 | Time: 44.4s
Epoch  98/100 | Train Loss: 0.3662 | Val Loss: 0.2951 | Val mIoU: 0.3962 | LR: 0.000001 | Time: 44.5s
Epoch  99/100 | Train Loss: 0.3798 | Val Loss: 0.2953 | Val mIoU: 0.3970 | LR: 0.000000 | Time: 44.4s
  -> New best model saved (mIoU=0.3970)
/usr/local/lib/python3.10/dist-packages/torch/_utils.py:831: UserWarning: TypedStorage is deprecated. It will be removed in the future and UntypedStorage will be the only storage class. This should only matter to you if you are using storages directly.  To access UntypedStorage directly, use tensor.untyped_storage() instead of tensor.storage()
  return self.fget.__get__(instance, owner)()
Epoch 100/100 | Train Loss: 0.3755 | Val Loss: 0.2947 | Val mIoU: 0.3916 | LR: 0.000000 | Time: 44.8s

============================================================
FINAL TEST EVALUATION
============================================================
Test Loss: 0.2635
Test mIoU: 0.4191
Per-class IoU:
        plains: 0.7286
         dunes: 0.5941
      hummocky: 0.3097
    lakes_seas: 0.5196
     labyrinth: 0.3419
       craters: 0.0208

Done. Results saved to models/r2_dlv3_r50_dice_*
=== ALL DONE ===
